<?xml version="1.0" encoding="UTF-8"?>
<testsuites name="jest tests" tests="11" failures="0" errors="0" time="1.969">
  <testsuite name="authStore" errors="0" failures="0" skipped="0" timestamp="2025-08-13T05:54:52" time="0.216" tests="11">
    <testcase classname="authStore initial state should have null user and false isAuthenticated initially" name="authStore initial state should have null user and false isAuthenticated initially" time="0.011">
    </testcase>
    <testcase classname="authStore setUser should set user and isAuthenticated to true when user is provided" name="authStore setUser should set user and isAuthenticated to true when user is provided" time="0.002">
    </testcase>
    <testcase classname="authStore setUser should set user to null and isAuthenticated to false when null is provided" name="authStore setUser should set user to null and isAuthenticated to false when null is provided" time="0.001">
    </testcase>
    <testcase classname="authStore setUser should update user data when new user object is provided" name="authStore setUser should update user data when new user object is provided" time="0.001">
    </testcase>
    <testcase classname="authStore logout should clear user and set isAuthenticated to false" name="authStore logout should clear user and set isAuthenticated to false" time="0.001">
    </testcase>
    <testcase classname="authStore logout should work even when no user is set" name="authStore logout should work even when no user is set" time="0.001">
    </testcase>
    <testcase classname="authStore persistence should persist state changes to localStorage" name="authStore persistence should persist state changes to localStorage" time="0">
    </testcase>
    <testcase classname="authStore persistence should handle user object with missing token" name="authStore persistence should handle user object with missing token" time="0.001">
    </testcase>
    <testcase classname="authStore multiple store instances should share state across multiple hook calls" name="authStore multiple store instances should share state across multiple hook calls" time="0.002">
    </testcase>
    <testcase classname="authStore edge cases should handle undefined user gracefully" name="authStore edge cases should handle undefined user gracefully" time="0">
    </testcase>
    <testcase classname="authStore edge cases should handle empty user object" name="authStore edge cases should handle empty user object" time="0.001">
    </testcase>
  </testsuite>
</testsuites>